Dec 06 13:13 : avahi: Failed to create client: Daemon not running
Dec 06 13:13 : added /Battle_is_One.mp3
Dec 13 09:28 : avahi: Failed to create client: Daemon not running
Dec 13 09:28 : mixer: Failed to read mixer for 'my audio': no such mixer control: PCM
Jan 05 22:56 : decoder_thread: Unrecognized URI
Jan 05 22:56 : decoder_thread: Unrecognized URI
Jan 05 22:58 : decoder_thread: Unrecognized URI
Jan 05 22:58 : decoder_thread: Unrecognized URI
Jan 05 22:58 : decoder_thread: Unrecognized URI
Jan 05 22:58 : decoder_thread: Unrecognized URI
Jan 05 22:59 : decoder_thread: Unrecognized URI
Jan 05 22:59 : decoder_thread: Unrecognized URI
Jan 05 22:59 : decoder_thread: Unrecognized URI
Jan 05 22:59 : decoder_thread: Unrecognized URI
Jan 05 22:59 : decoder_thread: Unrecognized URI
Jan 05 22:59 : decoder_thread: Unrecognized URI
Jan 05 22:59 : decoder_thread: Unrecognized URI
Jan 05 22:59 : decoder_thread: Unrecognized URI
Jan 05 22:59 : decoder_thread: Unrecognized URI
Jan 05 22:59 : decoder_thread: Unrecognized URI
Jan 05 22:59 : decoder_thread: Unrecognized URI
Jan 05 22:59 : decoder_thread: Unrecognized URI
Jan 05 22:59 : decoder_thread: Unrecognized URI
Jan 05 22:59 : decoder_thread: Unrecognized URI
Jan 05 22:59 : decoder_thread: Unrecognized URI
Jan 05 22:59 : decoder_thread: Unrecognized URI
Jan 05 22:59 : decoder_thread: Unrecognized URI
Jan 05 22:59 : decoder_thread: Unrecognized URI
Jan 05 22:59 : decoder_thread: Unrecognized URI
Jan 05 22:59 : decoder_thread: Unrecognized URI
Jan 05 22:59 : decoder_thread: Unrecognized URI
Jan 05 22:59 : decoder_thread: Unrecognized URI
Jan 05 22:59 : decoder_thread: Unrecognized URI
Jan 05 22:59 : decoder_thread: Unrecognized URI
Jan 05 23:00 : decoder_thread: Unrecognized URI
Jan 05 23:00 : decoder_thread: Unrecognized URI
Jan 05 23:00 : decoder_thread: Unrecognized URI
Jan 05 23:00 : decoder_thread: Unrecognized URI
Jan 05 23:00 : decoder_thread: Unrecognized URI
Jan 05 23:00 : decoder_thread: Unrecognized URI
Jan 05 23:00 : decoder_thread: Unrecognized URI
Jan 05 23:00 : decoder_thread: Unrecognized URI
Jan 05 23:09 : decoder_thread: Unrecognized URI
Jan 05 23:09 : decoder_thread: Unrecognized URI
Jan 05 23:09 : decoder_thread: Unrecognized URI
Jan 05 23:09 : decoder_thread: Unrecognized URI
Jan 05 23:09 : decoder_thread: Unrecognized URI
Jan 05 23:09 : decoder_thread: Unrecognized URI
Jan 05 23:09 : decoder_thread: Unrecognized URI
Jan 05 23:09 : decoder_thread: Unrecognized URI
Jan 05 23:09 : decoder_thread: Unrecognized URI
Jan 05 23:09 : decoder_thread: Unrecognized URI
Jan 05 23:09 : decoder_thread: Unrecognized URI
Jan 05 23:09 : decoder_thread: Unrecognized URI
Jan 05 23:09 : decoder_thread: Unrecognized URI
Jan 05 23:09 : decoder_thread: Unrecognized URI
Jan 05 23:09 : decoder_thread: Unrecognized URI
Jan 05 23:09 : decoder_thread: Unrecognized URI
Jan 05 23:09 : decoder_thread: Unrecognized URI
Jan 05 23:09 : decoder_thread: Unrecognized URI
Jan 05 23:10 : decoder_thread: Unrecognized URI
Jan 05 23:10 : decoder_thread: Unrecognized URI
Jan 05 23:10 : decoder_thread: Unrecognized URI
Jan 05 23:10 : decoder_thread: Unrecognized URI
Jan 05 23:11 : decoder_thread: Unrecognized URI
Jan 05 23:11 : decoder_thread: Unrecognized URI
Jan 05 23:11 : decoder_thread: Unrecognized URI
Jan 05 23:11 : decoder_thread: Unrecognized URI
Jan 05 23:11 : decoder_thread: Unrecognized URI
Jan 05 23:11 : decoder_thread: Unrecognized URI
Jan 05 23:11 : decoder_thread: Unrecognized URI
Jan 05 23:11 : decoder_thread: Unrecognized URI
Jan 05 23:11 : decoder_thread: Unrecognized URI
Jan 05 23:11 : decoder_thread: Unrecognized URI
Jan 05 23:11 : decoder_thread: Unrecognized URI
Jan 05 23:11 : decoder_thread: Unrecognized URI
Jan 05 23:12 : decoder_thread: Unrecognized URI
Jan 05 23:12 : decoder_thread: Unrecognized URI
Jan 05 23:12 : decoder_thread: Unrecognized URI
Jan 05 23:12 : decoder_thread: Unrecognized URI
Jan 05 23:12 : decoder_thread: Unrecognized URI
Jan 05 23:12 : decoder_thread: Unrecognized URI
Jan 05 23:12 : decoder_thread: Unrecognized URI
Jan 05 23:12 : decoder_thread: Unrecognized URI
Jan 05 23:12 : decoder_thread: Unrecognized URI
Jan 05 23:12 : decoder_thread: Unrecognized URI
Jan 05 23:12 : decoder_thread: Unrecognized URI
Jan 05 23:12 : decoder_thread: Unrecognized URI
Jan 05 23:12 : decoder_thread: Unrecognized URI
Jan 05 23:12 : decoder_thread: Unrecognized URI
Jan 05 23:12 : decoder_thread: Unrecognized URI
Jan 05 23:12 : decoder_thread: Unrecognized URI
Jan 05 23:12 : decoder_thread: Unrecognized URI
Jan 05 23:12 : decoder_thread: Unrecognized URI
Jan 05 23:12 : decoder_thread: Unrecognized URI
Jan 05 23:12 : decoder_thread: Unrecognized URI
Jan 05 23:12 : decoder_thread: Unrecognized URI
Jan 05 23:12 : decoder_thread: Unrecognized URI
Jan 05 23:12 : decoder_thread: Unrecognized URI
Jan 05 23:12 : decoder_thread: Unrecognized URI
Jan 05 23:12 : decoder_thread: Unrecognized URI
Jan 05 23:12 : decoder_thread: Unrecognized URI
Jan 05 23:12 : decoder_thread: Unrecognized URI
Jan 05 23:12 : decoder_thread: Unrecognized URI
Jan 05 23:12 : decoder_thread: Unrecognized URI
Jan 05 23:12 : decoder_thread: Unrecognized URI
Jan 05 23:12 : decoder_thread: Unrecognized URI
Jan 05 23:12 : decoder_thread: Unrecognized URI
Jan 05 23:12 : decoder_thread: Unrecognized URI
Jan 05 23:12 : decoder_thread: Unrecognized URI
Jan 05 23:12 : decoder_thread: Unrecognized URI
Jan 05 23:12 : decoder_thread: Unrecognized URI
Jan 05 23:12 : decoder_thread: Unrecognized URI
Jan 05 23:12 : decoder_thread: Unrecognized URI
Jan 05 23:12 : decoder_thread: Unrecognized URI
Jan 05 23:12 : decoder_thread: Unrecognized URI
Jan 05 23:12 : decoder_thread: Unrecognized URI
Jan 05 23:12 : decoder_thread: Unrecognized URI
Jan 05 23:12 : decoder_thread: Unrecognized URI
Jan 05 23:12 : decoder_thread: Unrecognized URI
Jan 05 23:12 : decoder_thread: Unrecognized URI
Jan 05 23:12 : decoder_thread: Unrecognized URI
Jan 05 23:12 : decoder_thread: Unrecognized URI
Jan 05 23:12 : decoder_thread: Unrecognized URI
Jan 05 23:12 : decoder_thread: Unrecognized URI
Jan 05 23:12 : decoder_thread: Unrecognized URI
Jan 05 23:12 : decoder_thread: Unrecognized URI
Jan 05 23:12 : decoder_thread: Unrecognized URI
Jan 05 23:12 : decoder_thread: Unrecognized URI
Jan 05 23:12 : decoder_thread: Unrecognized URI
Jan 05 23:12 : decoder_thread: Unrecognized URI
Jan 05 23:12 : decoder_thread: Unrecognized URI
Jan 05 23:12 : decoder_thread: Unrecognized URI
Jan 05 23:12 : decoder_thread: Unrecognized URI
Jan 05 23:12 : decoder_thread: Unrecognized URI
Jan 05 23:12 : decoder_thread: Unrecognized URI
Jan 05 23:12 : decoder_thread: Unrecognized URI
Jan 05 23:12 : decoder_thread: Unrecognized URI
Jan 05 23:12 : decoder_thread: Unrecognized URI
Jan 05 23:12 : decoder_thread: Unrecognized URI
Jan 05 23:12 : decoder_thread: Unrecognized URI
Jan 05 23:12 : decoder_thread: Unrecognized URI
Jan 05 23:12 : decoder_thread: Unrecognized URI
Jan 05 23:12 : decoder_thread: Unrecognized URI
Jan 05 23:12 : decoder_thread: Unrecognized URI
Jan 05 23:12 : decoder_thread: Unrecognized URI
Jan 05 23:12 : decoder_thread: Unrecognized URI
Jan 05 23:12 : decoder_thread: Unrecognized URI
Jan 05 23:12 : decoder_thread: Unrecognized URI
Jan 05 23:12 : decoder_thread: Unrecognized URI
Jan 05 23:12 : decoder_thread: Unrecognized URI
Jan 05 23:12 : decoder_thread: Unrecognized URI
Jan 05 23:12 : decoder_thread: Unrecognized URI
Jan 05 23:12 : decoder_thread: Unrecognized URI
Jan 05 23:12 : decoder_thread: Unrecognized URI
Jan 05 23:12 : decoder_thread: Unrecognized URI
Jan 05 23:12 : decoder_thread: Unrecognized URI
Jan 05 23:12 : decoder_thread: Unrecognized URI
Jan 05 23:12 : decoder_thread: Unrecognized URI
Jan 05 23:12 : decoder_thread: Unrecognized URI
Jan 05 23:12 : decoder_thread: Unrecognized URI
Jan 05 23:12 : decoder_thread: Unrecognized URI
Jan 05 23:12 : decoder_thread: Unrecognized URI
Jan 05 23:12 : decoder_thread: Unrecognized URI
Jan 05 23:12 : decoder_thread: Unrecognized URI
Jan 05 23:12 : decoder_thread: Unrecognized URI
Jan 05 23:12 : decoder_thread: Unrecognized URI
Jan 05 23:12 : decoder_thread: Unrecognized URI
Jan 05 23:12 : decoder_thread: Unrecognized URI
Jan 05 23:12 : decoder_thread: Unrecognized URI
Jan 05 23:12 : decoder_thread: Unrecognized URI
Jan 05 23:12 : decoder_thread: Unrecognized URI
Jan 05 23:12 : decoder_thread: Unrecognized URI
Jan 05 23:12 : decoder_thread: Unrecognized URI
Jan 05 23:12 : decoder_thread: Unrecognized URI
Jan 05 23:12 : decoder_thread: Unrecognized URI
Jan 05 23:12 : decoder_thread: Unrecognized URI
Jan 05 23:12 : decoder_thread: Unrecognized URI
Jan 05 23:12 : decoder_thread: Unrecognized URI
Jan 05 23:12 : decoder_thread: Unrecognized URI
Jan 05 23:12 : decoder_thread: Unrecognized URI
Jan 05 23:12 : decoder_thread: Unrecognized URI
Jan 05 23:13 : decoder_thread: Unrecognized URI
Jan 05 23:13 : decoder_thread: Unrecognized URI
Jan 05 23:13 : decoder_thread: Unrecognized URI
Jan 05 23:13 : decoder_thread: Unrecognized URI
Jan 05 23:14 : decoder_thread: Unrecognized URI
Jan 05 23:14 : decoder_thread: Unrecognized URI
Jan 05 23:14 : decoder_thread: Unrecognized URI
Jan 05 23:14 : decoder_thread: Unrecognized URI
Jan 05 23:41 : decoder_thread: Unrecognized URI
Jan 05 23:41 : decoder_thread: Unrecognized URI
Jan 05 23:43 : decoder_thread: Unrecognized URI
Jan 05 23:43 : decoder_thread: Unrecognized URI
Jan 05 23:43 : decoder_thread: Unrecognized URI
Jan 05 23:43 : decoder_thread: Unrecognized URI
Jan 05 23:43 : decoder_thread: Unrecognized URI
Jan 05 23:43 : decoder_thread: Unrecognized URI
Jan 05 23:44 : decoder_thread: Unrecognized URI
Jan 05 23:44 : decoder_thread: Unrecognized URI
Jan 05 23:44 : decoder_thread: Unrecognized URI
Jan 05 23:44 : decoder_thread: Unrecognized URI
Jan 05 23:44 : decoder_thread: Unrecognized URI
Jan 05 23:44 : decoder_thread: Unrecognized URI
Jan 05 23:50 : decoder_thread: Unrecognized URI
Jan 05 23:50 : decoder_thread: Unrecognized URI
Jan 05 23:51 : decoder_thread: Unrecognized URI
Jan 05 23:51 : decoder_thread: Unrecognized URI
Jan 05 23:51 : decoder_thread: Unrecognized URI
Jan 05 23:51 : decoder_thread: Unrecognized URI
Jan 05 23:51 : decoder_thread: Unrecognized URI
Jan 05 23:51 : decoder_thread: Unrecognized URI
Jan 05 23:51 : decoder_thread: Unrecognized URI
Jan 05 23:51 : decoder_thread: Unrecognized URI
Jan 05 23:51 : decoder_thread: Unrecognized URI
Jan 05 23:51 : decoder_thread: Unrecognized URI
Jan 05 23:51 : decoder_thread: Unrecognized URI
Jan 05 23:51 : decoder_thread: Unrecognized URI
Jan 05 23:51 : decoder_thread: Unrecognized URI
Jan 05 23:51 : decoder_thread: Unrecognized URI
Jan 05 23:51 : decoder_thread: Unrecognized URI
Jan 05 23:51 : decoder_thread: Unrecognized URI
Jan 05 23:51 : decoder_thread: Unrecognized URI
Jan 05 23:51 : decoder_thread: Unrecognized URI
Jan 05 23:52 : decoder_thread: Unrecognized URI
Jan 05 23:52 : decoder_thread: Unrecognized URI
Jan 06 00:10 : config: option 'mixter_type' on line 12 was not recognized
Jan 06 00:10 : config: option 'mixter_type' on line 12 was not recognized
